Started GET "/" for 127.0.0.1 at 2017-10-03 14:26:12 -0700
  
ActiveRecord::NoDatabaseError (FATAL:  database "social_connection_index_development" does not exist
):
  
activerecord (5.1.4) lib/active_record/connection_adapters/postgresql_adapter.rb:699:in `rescue in connect'
activerecord (5.1.4) lib/active_record/connection_adapters/postgresql_adapter.rb:695:in `connect'
activerecord (5.1.4) lib/active_record/connection_adapters/postgresql_adapter.rb:220:in `initialize'
activerecord (5.1.4) lib/active_record/connection_adapters/postgresql_adapter.rb:38:in `new'
activerecord (5.1.4) lib/active_record/connection_adapters/postgresql_adapter.rb:38:in `postgresql_connection'
activerecord (5.1.4) lib/active_record/connection_adapters/abstract/connection_pool.rb:759:in `new_connection'
activerecord (5.1.4) lib/active_record/connection_adapters/abstract/connection_pool.rb:803:in `checkout_new_connection'
activerecord (5.1.4) lib/active_record/connection_adapters/abstract/connection_pool.rb:782:in `try_to_checkout_new_connection'
activerecord (5.1.4) lib/active_record/connection_adapters/abstract/connection_pool.rb:743:in `acquire_connection'
activerecord (5.1.4) lib/active_record/connection_adapters/abstract/connection_pool.rb:500:in `checkout'
activerecord (5.1.4) lib/active_record/connection_adapters/abstract/connection_pool.rb:374:in `connection'
activerecord (5.1.4) lib/active_record/connection_adapters/abstract/connection_pool.rb:931:in `retrieve_connection'
activerecord (5.1.4) lib/active_record/connection_handling.rb:116:in `retrieve_connection'
activerecord (5.1.4) lib/active_record/connection_handling.rb:88:in `connection'
activerecord (5.1.4) lib/active_record/migration.rb:562:in `connection'
activerecord (5.1.4) lib/active_record/migration.rb:553:in `call'
actionpack (5.1.4) lib/action_dispatch/middleware/callbacks.rb:26:in `block in call'
activesupport (5.1.4) lib/active_support/callbacks.rb:97:in `run_callbacks'
actionpack (5.1.4) lib/action_dispatch/middleware/callbacks.rb:24:in `call'
actionpack (5.1.4) lib/action_dispatch/middleware/executor.rb:12:in `call'
actionpack (5.1.4) lib/action_dispatch/middleware/debug_exceptions.rb:59:in `call'
web-console (3.5.1) lib/web_console/middleware.rb:135:in `call_app'
web-console (3.5.1) lib/web_console/middleware.rb:28:in `block in call'
web-console (3.5.1) lib/web_console/middleware.rb:18:in `catch'
web-console (3.5.1) lib/web_console/middleware.rb:18:in `call'
actionpack (5.1.4) lib/action_dispatch/middleware/show_exceptions.rb:31:in `call'
railties (5.1.4) lib/rails/rack/logger.rb:36:in `call_app'
railties (5.1.4) lib/rails/rack/logger.rb:24:in `block in call'
activesupport (5.1.4) lib/active_support/tagged_logging.rb:69:in `block in tagged'
activesupport (5.1.4) lib/active_support/tagged_logging.rb:26:in `tagged'
activesupport (5.1.4) lib/active_support/tagged_logging.rb:69:in `tagged'
railties (5.1.4) lib/rails/rack/logger.rb:24:in `call'
sprockets-rails (3.2.1) lib/sprockets/rails/quiet_assets.rb:13:in `call'
actionpack (5.1.4) lib/action_dispatch/middleware/remote_ip.rb:79:in `call'
actionpack (5.1.4) lib/action_dispatch/middleware/request_id.rb:25:in `call'
rack (2.0.3) lib/rack/method_override.rb:22:in `call'
rack (2.0.3) lib/rack/runtime.rb:22:in `call'
activesupport (5.1.4) lib/active_support/cache/strategy/local_cache_middleware.rb:27:in `call'
actionpack (5.1.4) lib/action_dispatch/middleware/executor.rb:12:in `call'
actionpack (5.1.4) lib/action_dispatch/middleware/static.rb:125:in `call'
rack (2.0.3) lib/rack/sendfile.rb:111:in `call'
railties (5.1.4) lib/rails/engine.rb:522:in `call'
puma (3.10.0) lib/puma/configuration.rb:225:in `call'
puma (3.10.0) lib/puma/server.rb:605:in `handle_request'
puma (3.10.0) lib/puma/server.rb:437:in `process_client'
puma (3.10.0) lib/puma/server.rb:301:in `block in run'
puma (3.10.0) lib/puma/thread_pool.rb:120:in `block in spawn_thread'
  [1m[35m (53.3ms)[0m  [1m[35mCREATE TABLE "schema_migrations" ("version" character varying NOT NULL PRIMARY KEY)[0m
  [1m[35m (29.9ms)[0m  [1m[35mCREATE TABLE "ar_internal_metadata" ("key" character varying NOT NULL PRIMARY KEY, "value" character varying, "created_at" timestamp NOT NULL, "updated_at" timestamp NOT NULL)[0m
  [1m[35m (25.4ms)[0m  [1m[34mSELECT pg_try_advisory_lock(3136872503309847120)[0m
  [1m[35m (3.5ms)[0m  [1m[34mSELECT "schema_migrations"."version" FROM "schema_migrations" ORDER BY "schema_migrations"."version" ASC[0m
Migrating to CreateUsers (20171003211202)
  [1m[35m (0.3ms)[0m  [1m[35mBEGIN[0m
  [1m[35m (36.3ms)[0m  [1m[35mCREATE TABLE "users" ("id" bigserial primary key, "name" character varying NOT NULL, "linkedin_connections" integer DEFAULT 0, "facebook_friends" integer DEFAULT 0, "twitter_followers" integer DEFAULT 0, "created_at" timestamp NOT NULL, "updated_at" timestamp NOT NULL)[0m
  [1m[35mSQL (3.1ms)[0m  [1m[32mINSERT INTO "schema_migrations" ("version") VALUES ($1) RETURNING "version"[0m  [["version", "20171003211202"]]
  [1m[35m (3.1ms)[0m  [1m[35mCOMMIT[0m
  [1m[36mActiveRecord::InternalMetadata Load (0.5ms)[0m  [1m[34mSELECT  "ar_internal_metadata".* FROM "ar_internal_metadata" WHERE "ar_internal_metadata"."key" = $1 LIMIT $2[0m  [["key", "environment"], ["LIMIT", 1]]
  [1m[35m (0.2ms)[0m  [1m[35mBEGIN[0m
  [1m[35mSQL (3.0ms)[0m  [1m[32mINSERT INTO "ar_internal_metadata" ("key", "value", "created_at", "updated_at") VALUES ($1, $2, $3, $4) RETURNING "key"[0m  [["key", "environment"], ["value", "development"], ["created_at", "2017-10-03 21:27:00.239279"], ["updated_at", "2017-10-03 21:27:00.239279"]]
  [1m[35m (3.1ms)[0m  [1m[35mCOMMIT[0m
  [1m[35m (0.5ms)[0m  [1m[34mSELECT pg_advisory_unlock(3136872503309847120)[0m
  [1m[35m (6.2ms)[0m  [1m[34mSELECT "schema_migrations"."version" FROM "schema_migrations" ORDER BY "schema_migrations"."version" ASC[0m
Started GET "/" for 127.0.0.1 at 2017-10-03 14:27:10 -0700
  [1m[35m (1.1ms)[0m  [1m[34mSELECT "schema_migrations"."version" FROM "schema_migrations" ORDER BY "schema_migrations"."version" ASC[0m
Processing by UsersController#index as HTML
  Rendering users/index.html.erb within layouts/application
  Rendered users/index.html.erb within layouts/application (4.2ms)
Completed 200 OK in 1141ms (Views: 1120.9ms | ActiveRecord: 0.0ms)


  [1m[35m (6.0ms)[0m  [1m[34mSELECT "schema_migrations"."version" FROM "schema_migrations" ORDER BY "schema_migrations"."version" ASC[0m
  [1m[35m (9.1ms)[0m  [1m[34mSELECT "schema_migrations"."version" FROM "schema_migrations" ORDER BY "schema_migrations"."version" ASC[0m
  [1m[35m (0.2ms)[0m  [1m[35mBEGIN[0m
  [1m[35mSQL (13.7ms)[0m  [1m[32mINSERT INTO "users" ("name", "linkedin_connections", "facebook_friends", "twitter_followers", "created_at", "updated_at") VALUES ($1, $2, $3, $4, $5, $6) RETURNING "id"[0m  [["name", "Ms. Lucy Kuhlman"], ["linkedin_connections", 6], ["facebook_friends", 5], ["twitter_followers", 10], ["created_at", "2017-10-03 22:04:37.336033"], ["updated_at", "2017-10-03 22:04:37.336033"]]
  [1m[35m (3.6ms)[0m  [1m[35mCOMMIT[0m
  [1m[35m (0.2ms)[0m  [1m[35mBEGIN[0m
  [1m[35mSQL (0.5ms)[0m  [1m[32mINSERT INTO "users" ("name", "linkedin_connections", "facebook_friends", "twitter_followers", "created_at", "updated_at") VALUES ($1, $2, $3, $4, $5, $6) RETURNING "id"[0m  [["name", "Mrs. Broderick Beatty"], ["linkedin_connections", 22], ["facebook_friends", 23], ["twitter_followers", 21], ["created_at", "2017-10-03 22:04:37.356644"], ["updated_at", "2017-10-03 22:04:37.356644"]]
  [1m[35m (2.3ms)[0m  [1m[35mCOMMIT[0m
  [1m[35m (0.2ms)[0m  [1m[35mBEGIN[0m
  [1m[35mSQL (3.3ms)[0m  [1m[32mINSERT INTO "users" ("name", "linkedin_connections", "facebook_friends", "twitter_followers", "created_at", "updated_at") VALUES ($1, $2, $3, $4, $5, $6) RETURNING "id"[0m  [["name", "Ashley Brown"], ["linkedin_connections", 22], ["facebook_friends", 9], ["twitter_followers", 17], ["created_at", "2017-10-03 22:04:37.362366"], ["updated_at", "2017-10-03 22:04:37.362366"]]
  [1m[35m (2.6ms)[0m  [1m[35mCOMMIT[0m
  [1m[35m (0.2ms)[0m  [1m[35mBEGIN[0m
  [1m[35mSQL (0.5ms)[0m  [1m[32mINSERT INTO "users" ("name", "linkedin_connections", "facebook_friends", "twitter_followers", "created_at", "updated_at") VALUES ($1, $2, $3, $4, $5, $6) RETURNING "id"[0m  [["name", "Ms. Ramon Johnston"], ["linkedin_connections", 21], ["facebook_friends", 4], ["twitter_followers", 7], ["created_at", "2017-10-03 22:04:37.371247"], ["updated_at", "2017-10-03 22:04:37.371247"]]
  [1m[35m (2.3ms)[0m  [1m[35mCOMMIT[0m
  [1m[35m (0.2ms)[0m  [1m[35mBEGIN[0m
  [1m[35mSQL (0.4ms)[0m  [1m[32mINSERT INTO "users" ("name", "linkedin_connections", "facebook_friends", "twitter_followers", "created_at", "updated_at") VALUES ($1, $2, $3, $4, $5, $6) RETURNING "id"[0m  [["name", "Emmanuel Emard"], ["linkedin_connections", 5], ["facebook_friends", 9], ["twitter_followers", 18], ["created_at", "2017-10-03 22:04:37.377049"], ["updated_at", "2017-10-03 22:04:37.377049"]]
  [1m[35m (2.2ms)[0m  [1m[35mCOMMIT[0m
  [1m[35m (0.2ms)[0m  [1m[35mBEGIN[0m
  [1m[35mSQL (0.4ms)[0m  [1m[32mINSERT INTO "users" ("name", "linkedin_connections", "facebook_friends", "twitter_followers", "created_at", "updated_at") VALUES ($1, $2, $3, $4, $5, $6) RETURNING "id"[0m  [["name", "Emmie Reichel PhD"], ["linkedin_connections", 21], ["facebook_friends", 17], ["twitter_followers", 11], ["created_at", "2017-10-03 22:04:37.382232"], ["updated_at", "2017-10-03 22:04:37.382232"]]
  [1m[35m (4.8ms)[0m  [1m[35mCOMMIT[0m
  [1m[35m (0.2ms)[0m  [1m[35mBEGIN[0m
  [1m[35mSQL (3.2ms)[0m  [1m[32mINSERT INTO "users" ("name", "linkedin_connections", "facebook_friends", "twitter_followers", "created_at", "updated_at") VALUES ($1, $2, $3, $4, $5, $6) RETURNING "id"[0m  [["name", "Fred Collins"], ["linkedin_connections", 18], ["facebook_friends", 20], ["twitter_followers", 14], ["created_at", "2017-10-03 22:04:37.389972"], ["updated_at", "2017-10-03 22:04:37.389972"]]
  [1m[35m (2.8ms)[0m  [1m[35mCOMMIT[0m
  [1m[35m (0.2ms)[0m  [1m[35mBEGIN[0m
  [1m[35mSQL (0.5ms)[0m  [1m[32mINSERT INTO "users" ("name", "linkedin_connections", "facebook_friends", "twitter_followers", "created_at", "updated_at") VALUES ($1, $2, $3, $4, $5, $6) RETURNING "id"[0m  [["name", "Braeden Upton Sr."], ["linkedin_connections", 8], ["facebook_friends", 6], ["twitter_followers", 5], ["created_at", "2017-10-03 22:04:37.399182"], ["updated_at", "2017-10-03 22:04:37.399182"]]
  [1m[35m (2.3ms)[0m  [1m[35mCOMMIT[0m
  [1m[35m (0.2ms)[0m  [1m[35mBEGIN[0m
  [1m[35mSQL (0.5ms)[0m  [1m[32mINSERT INTO "users" ("name", "linkedin_connections", "facebook_friends", "twitter_followers", "created_at", "updated_at") VALUES ($1, $2, $3, $4, $5, $6) RETURNING "id"[0m  [["name", "Dean Simonis"], ["linkedin_connections", 11], ["facebook_friends", 24], ["twitter_followers", 21], ["created_at", "2017-10-03 22:04:37.404795"], ["updated_at", "2017-10-03 22:04:37.404795"]]
  [1m[35m (2.3ms)[0m  [1m[35mCOMMIT[0m
  [1m[35m (0.2ms)[0m  [1m[35mBEGIN[0m
  [1m[35mSQL (0.4ms)[0m  [1m[32mINSERT INTO "users" ("name", "linkedin_connections", "facebook_friends", "twitter_followers", "created_at", "updated_at") VALUES ($1, $2, $3, $4, $5, $6) RETURNING "id"[0m  [["name", "Robb Okuneva"], ["linkedin_connections", 20], ["facebook_friends", 16], ["twitter_followers", 19], ["created_at", "2017-10-03 22:04:37.410205"], ["updated_at", "2017-10-03 22:04:37.410205"]]
  [1m[35m (4.8ms)[0m  [1m[35mCOMMIT[0m
  [1m[36mUser Load (0.7ms)[0m  [1m[34mSELECT  "users".* FROM "users" LIMIT $1[0m  [["LIMIT", 11]]
  [1m[36mUser Load (0.5ms)[0m  [1m[34mSELECT  "users".* FROM "users" ORDER BY "users"."id" ASC LIMIT $1[0m  [["LIMIT", 1]]
Started GET "/" for 127.0.0.1 at 2017-10-03 15:07:25 -0700
Processing by UsersController#index as HTML
  [1m[36mUser Load (1.2ms)[0m  [1m[34mSELECT  "users".* FROM "users" ORDER BY "users"."id" ASC LIMIT $1[0m  [["LIMIT", 1]]
  Rendering users/index.html.erb within layouts/application
  Rendered users/index.html.erb within layouts/application (1.1ms)
Completed 200 OK in 235ms (Views: 97.9ms | ActiveRecord: 13.4ms)


Started GET "/" for 127.0.0.1 at 2017-10-03 15:09:02 -0700
Processing by UsersController#index as HTML
  [1m[36mUser Load (1.1ms)[0m  [1m[34mSELECT  "users".* FROM "users" ORDER BY "users"."id" ASC LIMIT $1[0m  [["LIMIT", 1]]
Completed 500 Internal Server Error in 78ms (ActiveRecord: 6.8ms)


  
NameError (undefined local variable or method `facebook' for #<User:0x007fa670568150>):
  
app/models/user.rb:8:in `social_connection_index'
app/controllers/users_controller.rb:5:in `index'
Started GET "/" for 127.0.0.1 at 2017-10-03 15:09:18 -0700
Processing by UsersController#index as HTML
  [1m[36mUser Load (0.4ms)[0m  [1m[34mSELECT  "users".* FROM "users" ORDER BY "users"."id" ASC LIMIT $1[0m  [["LIMIT", 1]]
  Rendering users/index.html.erb within layouts/application
  Rendered users/index.html.erb within layouts/application (0.7ms)
Completed 200 OK in 99ms (Views: 70.9ms | ActiveRecord: 4.9ms)


Started GET "/" for 127.0.0.1 at 2017-10-03 15:10:37 -0700
Processing by UsersController#index as HTML
  [1m[36mUser Load (0.3ms)[0m  [1m[34mSELECT  "users".* FROM "users" ORDER BY "users"."id" ASC LIMIT $1[0m  [["LIMIT", 1]]
  Rendering users/index.html.erb within layouts/application
  Rendered users/index.html.erb within layouts/application (1.0ms)
Completed 200 OK in 98ms (Views: 68.4ms | ActiveRecord: 5.5ms)


Started GET "/" for 127.0.0.1 at 2017-10-03 15:11:15 -0700
Processing by UsersController#index as HTML
  [1m[36mUser Load (0.4ms)[0m  [1m[34mSELECT  "users".* FROM "users" ORDER BY "users"."id" ASC LIMIT $1[0m  [["LIMIT", 1]]
  Rendering users/index.html.erb within layouts/application
  Rendered users/index.html.erb within layouts/application (0.6ms)
Completed 200 OK in 106ms (Views: 76.7ms | ActiveRecord: 5.3ms)


  [1m[36mUser Load (0.3ms)[0m  [1m[34mSELECT  "users".* FROM "users" LIMIT $1[0m  [["LIMIT", 11]]
  [1m[36mUser Load (0.5ms)[0m  [1m[34mSELECT  "users".* FROM "users" ORDER BY "users"."id" DESC LIMIT $1[0m  [["LIMIT", 1]]
Started GET "/" for 127.0.0.1 at 2017-10-03 15:12:27 -0700
Processing by UsersController#index as HTML
  [1m[36mUser Load (0.5ms)[0m  [1m[34mSELECT  "users".* FROM "users" ORDER BY "users"."id" DESC LIMIT $1[0m  [["LIMIT", 1]]
  [1m[36mCACHE User Load (0.0ms)[0m  [1m[34mSELECT  "users".* FROM "users" ORDER BY "users"."id" DESC LIMIT $1[0m  [["LIMIT", 1]]
Completed 500 Internal Server Error in 72ms (ActiveRecord: 12.2ms)


  
NameError (undefined local variable or method `followers' for #<User:0x007fa6728317b8>):
  
app/models/user.rb:12:in `social_connection_index'
app/controllers/users_controller.rb:5:in `index'
Started GET "/" for 127.0.0.1 at 2017-10-03 15:13:11 -0700
Processing by UsersController#index as HTML
  [1m[36mUser Load (0.4ms)[0m  [1m[34mSELECT  "users".* FROM "users" ORDER BY "users"."id" DESC LIMIT $1[0m  [["LIMIT", 1]]
  [1m[36mCACHE User Load (0.0ms)[0m  [1m[34mSELECT  "users".* FROM "users" ORDER BY "users"."id" DESC LIMIT $1[0m  [["LIMIT", 1]]
  Rendering users/index.html.erb within layouts/application
  Rendered users/index.html.erb within layouts/application (1.1ms)
Completed 200 OK in 92ms (Views: 57.4ms | ActiveRecord: 4.8ms)


Started GET "/" for 127.0.0.1 at 2017-10-03 15:19:45 -0700
Processing by UsersController#index as HTML
  [1m[36mUser Load (0.7ms)[0m  [1m[34mSELECT  "users".* FROM "users" ORDER BY "users"."id" DESC LIMIT $1[0m  [["LIMIT", 1]]
  [1m[36mCACHE User Load (0.0ms)[0m  [1m[34mSELECT  "users".* FROM "users" ORDER BY "users"."id" DESC LIMIT $1[0m  [["LIMIT", 1]]
  Rendering users/index.html.erb within layouts/application
  Rendered users/index.html.erb within layouts/application (14.8ms)
Completed 500 Internal Server Error in 157ms (ActiveRecord: 12.0ms)


  
ActionView::Template::Error (uninitialized constant ActionView::CompiledTemplates::Users):
    1: <% Users.each do |user| %>
    2:   <%= user.name %>
    3:   <%= user.social_connection_index %>
    4: <% end  %>
  
app/views/users/index.html.erb:1:in `_app_views_users_index_html_erb__4368178609703621696_70176390099840'
Started GET "/" for 127.0.0.1 at 2017-10-03 15:20:02 -0700
Processing by UsersController#index as HTML
  [1m[36mUser Load (0.9ms)[0m  [1m[34mSELECT  "users".* FROM "users" ORDER BY "users"."id" DESC LIMIT $1[0m  [["LIMIT", 1]]
  [1m[36mCACHE User Load (0.0ms)[0m  [1m[34mSELECT  "users".* FROM "users" ORDER BY "users"."id" DESC LIMIT $1[0m  [["LIMIT", 1]]
  Rendering users/index.html.erb within layouts/application
  Rendered users/index.html.erb within layouts/application (303.3ms)
Completed 500 Internal Server Error in 326ms (ActiveRecord: 0.9ms)


  
ActionView::Template::Error (undefined local variable or method `users' for #<#<Class:0x007fa66d9b5e68>:0x007fa670500ed8>):
    1: <% users.each do |user| %>
    2:   <%= user.name %>
    3:   <%= user.social_connection_index %>
    4: <% end  %>
  
app/views/users/index.html.erb:1:in `_app_views_users_index_html_erb__4368178609703621696_70176412799200'
Started GET "/" for 127.0.0.1 at 2017-10-03 15:20:28 -0700
Processing by UsersController#index as HTML
  [1m[36mUser Load (0.5ms)[0m  [1m[34mSELECT  "users".* FROM "users" LIMIT $1[0m  [["LIMIT", 11]]
  [1m[36mCACHE User Load (0.0ms)[0m  [1m[34mSELECT  "users".* FROM "users" LIMIT $1[0m  [["LIMIT", 11]]
Completed 500 Internal Server Error in 277ms (ActiveRecord: 0.0ms)


  
  [1m[36mCACHE User Load (0.0ms)[0m  [1m[34mSELECT  "users".* FROM "users" LIMIT $1[0m  [["LIMIT", 11]]
NameError (undefined local variable or method `users' for #<UsersController:0x007fa672cc09c8>
Did you mean?  @users):
  
app/controllers/users_controller.rb:4:in `index'
Started GET "/" for 127.0.0.1 at 2017-10-03 15:21:00 -0700
Processing by UsersController#index as HTML
  [1m[36mUser Load (0.4ms)[0m  [1m[34mSELECT  "users".* FROM "users" ORDER BY "users"."id" DESC LIMIT $1[0m  [["LIMIT", 1]]
  [1m[36mCACHE User Load (0.0ms)[0m  [1m[34mSELECT  "users".* FROM "users" ORDER BY "users"."id" DESC LIMIT $1[0m  [["LIMIT", 1]]
  Rendering users/index.html.erb within layouts/application
  [1m[36mUser Load (0.6ms)[0m  [1m[34mSELECT "users".* FROM "users"[0m
  Rendered users/index.html.erb within layouts/application (3.3ms)
Completed 200 OK in 115ms (Views: 80.2ms | ActiveRecord: 6.5ms)


Started GET "/" for 127.0.0.1 at 2017-10-03 15:21:51 -0700
Processing by UsersController#index as HTML
  [1m[36mUser Load (1.6ms)[0m  [1m[34mSELECT  "users".* FROM "users" ORDER BY "users"."id" DESC LIMIT $1[0m  [["LIMIT", 1]]
  [1m[36mCACHE User Load (0.0ms)[0m  [1m[34mSELECT  "users".* FROM "users" ORDER BY "users"."id" DESC LIMIT $1[0m  [["LIMIT", 1]]
  Rendering users/index.html.erb within layouts/application
  [1m[36mUser Load (0.5ms)[0m  [1m[34mSELECT "users".* FROM "users"[0m
  Rendered users/index.html.erb within layouts/application (8.5ms)
Completed 200 OK in 155ms (Views: 118.4ms | ActiveRecord: 2.1ms)


  [1m[36mUser Load (0.5ms)[0m  [1m[34mSELECT  "users".* FROM "users" ORDER BY "users"."id" ASC LIMIT $1[0m  [["LIMIT", 1]]
  [1m[36mUser Load (1.0ms)[0m  [1m[34mSELECT  "users".* FROM "users" ORDER BY "users"."id" ASC LIMIT $1[0m  [["LIMIT", 100]]
  [1m[36mUser Load (4.4ms)[0m  [1m[34mSELECT  "users".* FROM "users" ORDER BY "users"."id" ASC LIMIT $1[0m  [["LIMIT", 1]]
  [1m[36mUser Load (0.5ms)[0m  [1m[34mSELECT  "users".* FROM "users" ORDER BY "users"."id" ASC LIMIT $1[0m  [["LIMIT", 1]]
  [1m[35m (0.3ms)[0m  [1m[35mBEGIN[0m
  [1m[35mSQL (18.3ms)[0m  [1m[33mUPDATE "users" SET "linkedin_connections" = $1, "updated_at" = $2 WHERE "users"."id" = $3[0m  [["linkedin_connections", 100], ["updated_at", "2017-10-03 22:23:39.731419"], ["id", 1]]
  [1m[35m (11.2ms)[0m  [1m[35mCOMMIT[0m
  [1m[36mUser Load (0.6ms)[0m  [1m[34mSELECT  "users".* FROM "users" ORDER BY "users"."id" ASC LIMIT $1[0m  [["LIMIT", 1]]
Started GET "/" for 127.0.0.1 at 2017-10-03 15:23:47 -0700
Processing by UsersController#index as HTML
  [1m[36mUser Load (1.2ms)[0m  [1m[34mSELECT  "users".* FROM "users" ORDER BY "users"."id" DESC LIMIT $1[0m  [["LIMIT", 1]]
  [1m[36mCACHE User Load (0.0ms)[0m  [1m[34mSELECT  "users".* FROM "users" ORDER BY "users"."id" DESC LIMIT $1[0m  [["LIMIT", 1]]
  Rendering users/index.html.erb within layouts/application
  [1m[36mUser Load (0.4ms)[0m  [1m[34mSELECT "users".* FROM "users"[0m
  Rendered users/index.html.erb within layouts/application (6.0ms)
Completed 200 OK in 126ms (Views: 98.4ms | ActiveRecord: 1.6ms)


  [1m[36mUser Load (1.1ms)[0m  [1m[34mSELECT  "users".* FROM "users" ORDER BY "users"."id" ASC LIMIT $1[0m  [["LIMIT", 1]]
  [1m[36mUser Load (0.4ms)[0m  [1m[34mSELECT  "users".* FROM "users" WHERE "users"."id" = $1 LIMIT $2[0m  [["id", 2], ["LIMIT", 1]]
  [1m[35m (0.3ms)[0m  [1m[35mBEGIN[0m
  [1m[35mSQL (0.6ms)[0m  [1m[33mUPDATE "users" SET "linkedin_connections" = $1, "updated_at" = $2 WHERE "users"."id" = $3[0m  [["linkedin_connections", 300], ["updated_at", "2017-10-03 22:25:02.309583"], ["id", 2]]
  [1m[35m (5.8ms)[0m  [1m[35mCOMMIT[0m
  [1m[36mUser Load (0.6ms)[0m  [1m[34mSELECT  "users".* FROM "users" WHERE "users"."id" = $1 LIMIT $2[0m  [["id", 2], ["LIMIT", 1]]
Started GET "/" for 127.0.0.1 at 2017-10-03 15:25:13 -0700
Processing by UsersController#index as HTML
  [1m[36mUser Load (2.0ms)[0m  [1m[34mSELECT  "users".* FROM "users" ORDER BY "users"."id" DESC LIMIT $1[0m  [["LIMIT", 1]]
  [1m[36mCACHE User Load (0.0ms)[0m  [1m[34mSELECT  "users".* FROM "users" ORDER BY "users"."id" DESC LIMIT $1[0m  [["LIMIT", 1]]
  Rendering users/index.html.erb within layouts/application
  [1m[36mUser Load (0.4ms)[0m  [1m[34mSELECT "users".* FROM "users"[0m
  Rendered users/index.html.erb within layouts/application (4.8ms)
Completed 200 OK in 131ms (Views: 97.8ms | ActiveRecord: 2.5ms)


  [1m[36mUser Load (0.7ms)[0m  [1m[34mSELECT  "users".* FROM "users" WHERE "users"."id" = $1 LIMIT $2[0m  [["id", 3], ["LIMIT", 1]]
  [1m[35m (0.2ms)[0m  [1m[35mBEGIN[0m
  [1m[35mSQL (7.3ms)[0m  [1m[33mUPDATE "users" SET "linkedin_connections" = $1, "updated_at" = $2 WHERE "users"."id" = $3[0m  [["linkedin_connections", 400], ["updated_at", "2017-10-03 22:25:43.650398"], ["id", 3]]
  [1m[35m (5.6ms)[0m  [1m[35mCOMMIT[0m
Started GET "/" for 127.0.0.1 at 2017-10-03 15:25:45 -0700
Processing by UsersController#index as HTML
  [1m[36mUser Load (0.7ms)[0m  [1m[34mSELECT  "users".* FROM "users" ORDER BY "users"."id" DESC LIMIT $1[0m  [["LIMIT", 1]]
  [1m[36mCACHE User Load (0.0ms)[0m  [1m[34mSELECT  "users".* FROM "users" ORDER BY "users"."id" DESC LIMIT $1[0m  [["LIMIT", 1]]
  Rendering users/index.html.erb within layouts/application
  [1m[36mUser Load (0.6ms)[0m  [1m[34mSELECT "users".* FROM "users"[0m
  Rendered users/index.html.erb within layouts/application (4.3ms)
Completed 200 OK in 98ms (Views: 87.3ms | ActiveRecord: 1.3ms)


Started GET "/" for 127.0.0.1 at 2017-10-03 15:56:22 -0700
Processing by UsersController#index as HTML
  [1m[36mUser Load (38.0ms)[0m  [1m[34mSELECT  "users".* FROM "users" ORDER BY "users"."id" DESC LIMIT $1[0m  [["LIMIT", 1]]
  [1m[36mCACHE User Load (0.0ms)[0m  [1m[34mSELECT  "users".* FROM "users" ORDER BY "users"."id" DESC LIMIT $1[0m  [["LIMIT", 1]]
  Rendering users/index.html.erb within layouts/application
  [1m[36mUser Load (0.8ms)[0m  [1m[34mSELECT "users".* FROM "users"[0m
  Rendered users/index.html.erb within layouts/application (26.6ms)
Completed 200 OK in 332ms (Views: 212.5ms | ActiveRecord: 38.8ms)


Started GET "/" for 127.0.0.1 at 2017-10-03 15:58:39 -0700
Processing by UsersController#index as HTML
  [1m[36mUser Load (1.2ms)[0m  [1m[34mSELECT  "users".* FROM "users" ORDER BY "users"."id" DESC LIMIT $1[0m  [["LIMIT", 1]]
  [1m[36mCACHE User Load (0.0ms)[0m  [1m[34mSELECT  "users".* FROM "users" ORDER BY "users"."id" DESC LIMIT $1[0m  [["LIMIT", 1]]
  Rendering users/index.html.erb within layouts/application
  [1m[36mUser Load (0.8ms)[0m  [1m[34mSELECT "users".* FROM "users"[0m
  Rendered users/index.html.erb within layouts/application (10.4ms)
Completed 200 OK in 218ms (Views: 81.9ms | ActiveRecord: 64.3ms)


Started GET "/users/4/edit" for 127.0.0.1 at 2017-10-03 15:58:43 -0700
Processing by UsersController#edit as HTML
  Parameters: {"id"=>"4"}
  [1m[36mUser Load (0.7ms)[0m  [1m[34mSELECT  "users".* FROM "users" WHERE "users"."id" = $1 LIMIT $2[0m  [["id", 4], ["LIMIT", 1]]
  Rendering users/edit.html.erb within layouts/application
  Rendered users/edit.html.erb within layouts/application (0.8ms)
Completed 200 OK in 123ms (Views: 54.2ms | ActiveRecord: 22.5ms)


Started GET "/users/5/edit" for 127.0.0.1 at 2017-10-03 15:58:51 -0700
Processing by UsersController#edit as HTML
  Parameters: {"id"=>"5"}
  [1m[36mUser Load (0.4ms)[0m  [1m[34mSELECT  "users".* FROM "users" WHERE "users"."id" = $1 LIMIT $2[0m  [["id", 5], ["LIMIT", 1]]
  Rendering users/edit.html.erb within layouts/application
  Rendered users/edit.html.erb within layouts/application (0.7ms)
Completed 200 OK in 76ms (Views: 70.5ms | ActiveRecord: 0.4ms)


Started GET "/users/3/edit" for 127.0.0.1 at 2017-10-03 15:58:55 -0700
Processing by UsersController#edit as HTML
  Parameters: {"id"=>"3"}
  [1m[36mUser Load (0.6ms)[0m  [1m[34mSELECT  "users".* FROM "users" WHERE "users"."id" = $1 LIMIT $2[0m  [["id", 3], ["LIMIT", 1]]
  Rendering users/edit.html.erb within layouts/application
  Rendered users/edit.html.erb within layouts/application (0.8ms)
Completed 200 OK in 80ms (Views: 74.5ms | ActiveRecord: 0.6ms)


Started GET "/" for 127.0.0.1 at 2017-10-03 15:59:08 -0700
Processing by UsersController#index as HTML
  [1m[36mUser Load (0.8ms)[0m  [1m[34mSELECT  "users".* FROM "users" ORDER BY "users"."id" DESC LIMIT $1[0m  [["LIMIT", 1]]
  [1m[36mCACHE User Load (0.0ms)[0m  [1m[34mSELECT  "users".* FROM "users" ORDER BY "users"."id" DESC LIMIT $1[0m  [["LIMIT", 1]]
  Rendering users/index.html.erb within layouts/application
  [1m[36mUser Load (0.4ms)[0m  [1m[34mSELECT "users".* FROM "users"[0m
  Rendered users/index.html.erb within layouts/application (10.6ms)
Completed 200 OK in 96ms (Views: 81.6ms | ActiveRecord: 1.2ms)


Started GET "/users/4/edit" for 127.0.0.1 at 2017-10-03 15:59:11 -0700
Processing by UsersController#edit as HTML
  Parameters: {"id"=>"4"}
  [1m[36mUser Load (0.7ms)[0m  [1m[34mSELECT  "users".* FROM "users" WHERE "users"."id" = $1 LIMIT $2[0m  [["id", 4], ["LIMIT", 1]]
  Rendering users/edit.html.erb within layouts/application
  Rendered users/edit.html.erb within layouts/application (2.3ms)
Completed 200 OK in 96ms (Views: 88.3ms | ActiveRecord: 0.7ms)


Started GET "/" for 127.0.0.1 at 2017-10-03 16:04:32 -0700
Processing by UsersController#index as HTML
  [1m[36mUser Load (1.2ms)[0m  [1m[34mSELECT  "users".* FROM "users" ORDER BY "users"."id" DESC LIMIT $1[0m  [["LIMIT", 1]]
  [1m[36mCACHE User Load (0.0ms)[0m  [1m[34mSELECT  "users".* FROM "users" ORDER BY "users"."id" DESC LIMIT $1[0m  [["LIMIT", 1]]
  Rendering users/index.html.erb within layouts/application
  [1m[36mUser Load (0.4ms)[0m  [1m[34mSELECT "users".* FROM "users"[0m
  Rendered users/index.html.erb within layouts/application (8.4ms)
Completed 200 OK in 167ms (Views: 130.2ms | ActiveRecord: 1.7ms)


Started GET "/users/4/edit" for 127.0.0.1 at 2017-10-03 16:04:36 -0700
Processing by UsersController#edit as HTML
  Parameters: {"id"=>"4"}
  [1m[36mUser Load (0.5ms)[0m  [1m[34mSELECT  "users".* FROM "users" WHERE "users"."id" = $1 LIMIT $2[0m  [["id", 4], ["LIMIT", 1]]
  Rendering users/edit.html.erb within layouts/application
  Rendered users/edit.html.erb within layouts/application (292.9ms)
Completed 500 Internal Server Error in 311ms (ActiveRecord: 0.5ms)


  
ActionView::Template::Error (undefined method `user_path' for #<#<Class:0x007fa66e84b770>:0x007fa66c517c18>):
    2: 
    3: 
    4: 
    5: <%= form_for(@user) do |f| %>
    6: <%= f.text_field :name, placeholder: @user.name, :class => 'input-field' %>
    7: 
    8: 
  
app/views/users/edit.html.erb:5:in `_app_views_users_edit_html_erb___2420943627030753215_70176379267640'
Started GET "/users/4/edit" for 127.0.0.1 at 2017-10-03 16:10:26 -0700
Processing by UsersController#edit as HTML
  Parameters: {"id"=>"4"}
  [1m[36mUser Load (1.0ms)[0m  [1m[34mSELECT  "users".* FROM "users" WHERE "users"."id" = $1 LIMIT $2[0m  [["id", 4], ["LIMIT", 1]]
  Rendering users/edit.html.erb within layouts/application
  Rendered users/edit.html.erb within layouts/application (265.8ms)
Completed 500 Internal Server Error in 296ms (ActiveRecord: 1.0ms)


  
ActionView::Template::Error (undefined method `user_path' for #<#<Class:0x007fa66e84b770>:0x007fa66d1b0358>):
    2: 
    3: 
    4: 
    5: <%= form_for(@user) do |f| %>
    6: <%= f.text_field :name, placeholder: 'name', :class => 'input-field' %>
    7: 
    8: 
  
app/views/users/edit.html.erb:5:in `_app_views_users_edit_html_erb___2420943627030753215_70176385896680'
Started GET "/users" for 127.0.0.1 at 2017-10-03 16:14:24 -0700
  
ActionController::RoutingError (No route matches [GET] "/users"):
  
actionpack (5.1.4) lib/action_dispatch/middleware/debug_exceptions.rb:63:in `call'
web-console (3.5.1) lib/web_console/middleware.rb:135:in `call_app'
web-console (3.5.1) lib/web_console/middleware.rb:28:in `block in call'
web-console (3.5.1) lib/web_console/middleware.rb:18:in `catch'
web-console (3.5.1) lib/web_console/middleware.rb:18:in `call'
actionpack (5.1.4) lib/action_dispatch/middleware/show_exceptions.rb:31:in `call'
railties (5.1.4) lib/rails/rack/logger.rb:36:in `call_app'
railties (5.1.4) lib/rails/rack/logger.rb:24:in `block in call'
activesupport (5.1.4) lib/active_support/tagged_logging.rb:69:in `block in tagged'
activesupport (5.1.4) lib/active_support/tagged_logging.rb:26:in `tagged'
activesupport (5.1.4) lib/active_support/tagged_logging.rb:69:in `tagged'
railties (5.1.4) lib/rails/rack/logger.rb:24:in `call'
sprockets-rails (3.2.1) lib/sprockets/rails/quiet_assets.rb:13:in `call'
actionpack (5.1.4) lib/action_dispatch/middleware/remote_ip.rb:79:in `call'
actionpack (5.1.4) lib/action_dispatch/middleware/request_id.rb:25:in `call'
rack (2.0.3) lib/rack/method_override.rb:22:in `call'
rack (2.0.3) lib/rack/runtime.rb:22:in `call'
activesupport (5.1.4) lib/active_support/cache/strategy/local_cache_middleware.rb:27:in `call'
actionpack (5.1.4) lib/action_dispatch/middleware/executor.rb:12:in `call'
actionpack (5.1.4) lib/action_dispatch/middleware/static.rb:125:in `call'
rack (2.0.3) lib/rack/sendfile.rb:111:in `call'
railties (5.1.4) lib/rails/engine.rb:522:in `call'
puma (3.10.0) lib/puma/configuration.rb:225:in `call'
puma (3.10.0) lib/puma/server.rb:605:in `handle_request'
puma (3.10.0) lib/puma/server.rb:437:in `process_client'
puma (3.10.0) lib/puma/server.rb:301:in `block in run'
puma (3.10.0) lib/puma/thread_pool.rb:120:in `block in spawn_thread'
Started GET "/" for 127.0.0.1 at 2017-10-03 16:14:31 -0700
Processing by UsersController#index as HTML
  [1m[36mUser Load (1.6ms)[0m  [1m[34mSELECT  "users".* FROM "users" ORDER BY "users"."id" DESC LIMIT $1[0m  [["LIMIT", 1]]
  [1m[36mCACHE User Load (0.0ms)[0m  [1m[34mSELECT  "users".* FROM "users" ORDER BY "users"."id" DESC LIMIT $1[0m  [["LIMIT", 1]]
  Rendering users/index.html.erb within layouts/application
  [1m[36mUser Load (0.5ms)[0m  [1m[34mSELECT "users".* FROM "users"[0m
  Rendered users/index.html.erb within layouts/application (9.7ms)
Completed 200 OK in 110ms (Views: 89.9ms | ActiveRecord: 2.2ms)


Started GET "/users/6/edit" for 127.0.0.1 at 2017-10-03 16:26:16 -0700
Processing by UsersController#edit as HTML
  Parameters: {"id"=>"6"}
  [1m[36mUser Load (0.8ms)[0m  [1m[34mSELECT  "users".* FROM "users" WHERE "users"."id" = $1 LIMIT $2[0m  [["id", 6], ["LIMIT", 1]]
  Rendering users/edit.html.erb within layouts/application
  Rendered users/edit.html.erb within layouts/application (209.9ms)
Completed 500 Internal Server Error in 319ms (ActiveRecord: 31.0ms)


  
ActionView::Template::Error (undefined method `user_path' for #<#<Class:0x007fa670618208>:0x007fa67060b3f0>):
    2: 
    3: 
    4: 
    5: <%= form_for(@user) do |f| %>
    6: <%= f.text_field :name, placeholder: 'name', :class => 'input-field' %>
    7: 
    8: 
  
app/views/users/edit.html.erb:5:in `_app_views_users_edit_html_erb___2420943627030753215_70176413371660'
Started GET "/users/6/edit" for 127.0.0.1 at 2017-10-03 16:27:04 -0700
Processing by UsersController#edit as HTML
  Parameters: {"id"=>"6"}
  [1m[36mUser Load (0.3ms)[0m  [1m[34mSELECT  "users".* FROM "users" WHERE "users"."id" = $1 LIMIT $2[0m  [["id", 6], ["LIMIT", 1]]
  Rendering users/edit.html.erb within layouts/application
  Rendered users/edit.html.erb within layouts/application (149.5ms)
Completed 500 Internal Server Error in 195ms (ActiveRecord: 11.0ms)


  
ActionView::Template::Error (undefined method `user_path' for #<#<Class:0x007fa66c7dc2a0>:0x007fa66c7b5f10>):
    2: 
    3: 
    4: 
    5: <%= form_for(@user) do |f| %>
    6: <%= f.text_field :name, placeholder: 'name', :class => 'input-field' %>
    7: 
    8: 
  
app/views/users/edit.html.erb:5:in `_app_views_users_edit_html_erb___2420943627030753215_70176380741520'
Started GET "/users/6/edit" for 127.0.0.1 at 2017-10-04 10:21:53 -0700
  [1m[35m (10.5ms)[0m  [1m[34mSELECT "schema_migrations"."version" FROM "schema_migrations" ORDER BY "schema_migrations"."version" ASC[0m
Processing by UsersController#edit as HTML
  Parameters: {"id"=>"6"}
  [1m[36mUser Load (6.5ms)[0m  [1m[34mSELECT  "users".* FROM "users" WHERE "users"."id" = $1 LIMIT $2[0m  [["id", 6], ["LIMIT", 1]]
  Rendering users/edit.html.erb within layouts/application
  Rendered users/edit.html.erb within layouts/application (146.9ms)
Completed 500 Internal Server Error in 258ms (ActiveRecord: 24.0ms)


  
ActionView::Template::Error (undefined method `user_path' for #<#<Class:0x007fe570b1db38>:0x007fe573b88ae8>):
    2: 
    3: 
    4: 
    5: <%= form_for(@user) do |f| %>
    6: <%= f.text_field :name, placeholder: 'name', :class => 'input-field' %>
    7: 
    8: 
  
app/views/users/edit.html.erb:5:in `_app_views_users_edit_html_erb___2744414425194093674_70311707469760'
Started GET "/users/6/edit" for 127.0.0.1 at 2017-10-04 10:25:24 -0700
Processing by UsersController#edit as HTML
  Parameters: {"id"=>"6"}
  [1m[36mUser Load (0.7ms)[0m  [1m[34mSELECT  "users".* FROM "users" WHERE "users"."id" = $1 LIMIT $2[0m  [["id", 6], ["LIMIT", 1]]
  Rendering users/edit.html.erb within layouts/application
  Rendered users/edit.html.erb within layouts/application (175.0ms)
Completed 500 Internal Server Error in 227ms (ActiveRecord: 0.7ms)


  
ActionView::Template::Error (undefined method `user_path' for #<#<Class:0x007fe5751b78a0>:0x007fe5751a61e0>
Did you mean?  users_path):
    2: 
    3: 
    4: 
    5: <%= form_for(@user) do |f| %>
    6: <%= f.text_field :name, placeholder: 'name', :class => 'input-field' %>
    7: 
    8: 
  
app/views/users/edit.html.erb:5:in `_app_views_users_edit_html_erb___2744414425194093674_70311744480300'
Started GET "/users/6/edit" for 127.0.0.1 at 2017-10-04 10:27:47 -0700
Processing by UsersController#edit as HTML
  Parameters: {"id"=>"6"}
  [1m[36mUser Load (1.3ms)[0m  [1m[34mSELECT  "users".* FROM "users" WHERE "users"."id" = $1 LIMIT $2[0m  [["id", 6], ["LIMIT", 1]]
  Rendering users/edit.html.erb within layouts/application
  Rendered users/edit.html.erb within layouts/application (30.9ms)
Completed 200 OK in 482ms (Views: 446.2ms | ActiveRecord: 1.3ms)


Started GET "/users/6/edit" for 127.0.0.1 at 2017-10-04 10:28:50 -0700
Processing by UsersController#edit as HTML
  Parameters: {"id"=>"6"}
  [1m[36mUser Load (2.3ms)[0m  [1m[34mSELECT  "users".* FROM "users" WHERE "users"."id" = $1 LIMIT $2[0m  [["id", 6], ["LIMIT", 1]]
  Rendering users/edit.html.erb within layouts/application
  Rendered users/edit.html.erb within layouts/application (8.6ms)
Completed 200 OK in 126ms (Views: 102.5ms | ActiveRecord: 2.3ms)


Started GET "/users/6/edit" for 127.0.0.1 at 2017-10-04 10:30:03 -0700
Processing by UsersController#edit as HTML
  Parameters: {"id"=>"6"}
  [1m[36mUser Load (1.2ms)[0m  [1m[34mSELECT  "users".* FROM "users" WHERE "users"."id" = $1 LIMIT $2[0m  [["id", 6], ["LIMIT", 1]]
  Rendering users/edit.html.erb within layouts/application
  Rendered users/edit.html.erb within layouts/application (873.3ms)
Completed 200 OK in 952ms (Views: 926.4ms | ActiveRecord: 1.2ms)


Started GET "/users/6/edit" for 127.0.0.1 at 2017-10-04 10:30:31 -0700
Processing by UsersController#edit as HTML
  Parameters: {"id"=>"6"}
  [1m[36mUser Load (1.1ms)[0m  [1m[34mSELECT  "users".* FROM "users" WHERE "users"."id" = $1 LIMIT $2[0m  [["id", 6], ["LIMIT", 1]]
  Rendering users/edit.html.erb within layouts/application
  Rendered users/edit.html.erb within layouts/application (5.2ms)
Completed 200 OK in 79ms (Views: 56.3ms | ActiveRecord: 1.1ms)


Started GET "/users/6/edit" for 127.0.0.1 at 2017-10-04 10:35:27 -0700
Processing by UsersController#edit as HTML
  Parameters: {"id"=>"6"}
  [1m[36mUser Load (0.4ms)[0m  [1m[34mSELECT  "users".* FROM "users" WHERE "users"."id" = $1 LIMIT $2[0m  [["id", 6], ["LIMIT", 1]]
  Rendering users/edit.html.erb within layouts/application
  Rendered users/edit.html.erb within layouts/application (5.8ms)
Completed 200 OK in 143ms (Views: 90.8ms | ActiveRecord: 6.9ms)


Started PATCH "/users/6" for 127.0.0.1 at 2017-10-04 10:36:04 -0700
Processing by UsersController#update as HTML
  Parameters: {"utf8"=>"✓", "authenticity_token"=>"uLG4e6UwjOGq8GWEEeNSsMc8UiBUljVKvO42W5fje/eNDNooM1TqArAUiIFQ1T15ib2IH0ctOOTnMR7kJGc2Vw==", "user"=>{"name"=>"Emmie Reichel PhD", "linkedin_connections"=>"22", "facebook_friends"=>"17", "twitter_followers"=>"11"}, "commit"=>"Update", "id"=>"6"}
  [1m[36mUser Load (1.4ms)[0m  [1m[34mSELECT  "users".* FROM "users" WHERE "users"."id" = $1 LIMIT $2[0m  [["id", 6], ["LIMIT", 1]]
  [1m[35m (0.3ms)[0m  [1m[35mBEGIN[0m
  [1m[35mSQL (23.9ms)[0m  [1m[33mUPDATE "users" SET "linkedin_connections" = $1, "updated_at" = $2 WHERE "users"."id" = $3[0m  [["linkedin_connections", 22], ["updated_at", "2017-10-04 17:36:05.052786"], ["id", 6]]
  [1m[35m (3.9ms)[0m  [1m[35mCOMMIT[0m
Redirected to http://localhost:3000users#index
Completed 302 Found in 97ms (ActiveRecord: 29.5ms)


Started GET "/users/6/edit" for 127.0.0.1 at 2017-10-04 10:37:10 -0700
Processing by UsersController#edit as HTML
  Parameters: {"id"=>"6"}
  [1m[36mUser Load (0.8ms)[0m  [1m[34mSELECT  "users".* FROM "users" WHERE "users"."id" = $1 LIMIT $2[0m  [["id", 6], ["LIMIT", 1]]
  Rendering users/edit.html.erb within layouts/application
  Rendered users/edit.html.erb within layouts/application (6.9ms)
Completed 200 OK in 131ms (Views: 89.4ms | ActiveRecord: 8.3ms)


Started PATCH "/users/6" for 127.0.0.1 at 2017-10-04 10:37:26 -0700
Processing by UsersController#update as HTML
  Parameters: {"utf8"=>"✓", "authenticity_token"=>"52IjosYGP4adm/OqokpC4oPHDzEMIZjfU4Fg7KZJnkPS30HxUGJZZYd/Hq/jfC0rzUbVDh+alXEIXkhTFc3T4w==", "user"=>{"name"=>"Emmie Reichel PhD", "linkedin_connections"=>"23", "facebook_friends"=>"17", "twitter_followers"=>"11"}, "commit"=>"Update", "id"=>"6"}
  [1m[36mUser Load (0.7ms)[0m  [1m[34mSELECT  "users".* FROM "users" WHERE "users"."id" = $1 LIMIT $2[0m  [["id", 6], ["LIMIT", 1]]
  [1m[35m (0.2ms)[0m  [1m[35mBEGIN[0m
  [1m[35mSQL (6.2ms)[0m  [1m[33mUPDATE "users" SET "linkedin_connections" = $1, "updated_at" = $2 WHERE "users"."id" = $3[0m  [["linkedin_connections", 23], ["updated_at", "2017-10-04 17:37:26.562090"], ["id", 6]]
  [1m[35m (6.5ms)[0m  [1m[35mCOMMIT[0m
Redirected to http://localhost:3000users#index
Completed 302 Found in 24ms (ActiveRecord: 14.1ms)


Started GET "/users/6/edit" for 127.0.0.1 at 2017-10-04 10:38:31 -0700
Processing by UsersController#edit as HTML
  Parameters: {"id"=>"6"}
  [1m[36mUser Load (1.1ms)[0m  [1m[34mSELECT  "users".* FROM "users" WHERE "users"."id" = $1 LIMIT $2[0m  [["id", 6], ["LIMIT", 1]]
  Rendering users/edit.html.erb within layouts/application
  Rendered users/edit.html.erb within layouts/application (11.3ms)
Completed 200 OK in 126ms (Views: 102.6ms | ActiveRecord: 1.1ms)


Started PATCH "/users/6" for 127.0.0.1 at 2017-10-04 10:38:51 -0700
Processing by UsersController#update as HTML
  Parameters: {"utf8"=>"✓", "authenticity_token"=>"VqEXUoQXCXbJujNnkQ8ckKZA2bKZuYtF+JJmgi36GTdjHHUBEnNvldNe3mLQOXNZ6MEDjYoChuujTU49nn5Ulw==", "user"=>{"name"=>"Merty McGraw", "linkedin_connections"=>"23", "facebook_friends"=>"17", "twitter_followers"=>"11"}, "commit"=>"Update", "id"=>"6"}
  [1m[36mUser Load (0.8ms)[0m  [1m[34mSELECT  "users".* FROM "users" WHERE "users"."id" = $1 LIMIT $2[0m  [["id", 6], ["LIMIT", 1]]
  [1m[35m (0.2ms)[0m  [1m[35mBEGIN[0m
  [1m[35mSQL (2.7ms)[0m  [1m[33mUPDATE "users" SET "name" = $1, "updated_at" = $2 WHERE "users"."id" = $3[0m  [["name", "Merty McGraw"], ["updated_at", "2017-10-04 17:38:51.358159"], ["id", 6]]
  [1m[35m (6.3ms)[0m  [1m[35mCOMMIT[0m
Redirected to http://localhost:3000users#index
Completed 302 Found in 26ms (ActiveRecord: 10.0ms)


Started GET "/users/6/edit" for 127.0.0.1 at 2017-10-04 10:38:53 -0700
Processing by UsersController#edit as HTML
  Parameters: {"id"=>"6"}
  [1m[36mUser Load (0.4ms)[0m  [1m[34mSELECT  "users".* FROM "users" WHERE "users"."id" = $1 LIMIT $2[0m  [["id", 6], ["LIMIT", 1]]
  Rendering users/edit.html.erb within layouts/application
  Rendered users/edit.html.erb within layouts/application (3.0ms)
Completed 200 OK in 60ms (Views: 53.2ms | ActiveRecord: 0.4ms)


Started GET "/" for 127.0.0.1 at 2017-10-04 10:39:52 -0700
Processing by UsersController#index as HTML
  [1m[36mUser Load (1.7ms)[0m  [1m[34mSELECT  "users".* FROM "users" ORDER BY "users"."id" DESC LIMIT $1[0m  [["LIMIT", 1]]
  [1m[36mCACHE User Load (0.1ms)[0m  [1m[34mSELECT  "users".* FROM "users" ORDER BY "users"."id" DESC LIMIT $1[0m  [["LIMIT", 1]]
  Rendering users/index.html.erb within layouts/application
  [1m[36mUser Load (1.2ms)[0m  [1m[34mSELECT "users".* FROM "users"[0m
  Rendered users/index.html.erb within layouts/application (5.9ms)
Completed 200 OK in 143ms (Views: 83.9ms | ActiveRecord: 2.9ms)


Started GET "/users/6/edit" for 127.0.0.1 at 2017-10-04 10:39:58 -0700
Processing by UsersController#edit as HTML
  Parameters: {"id"=>"6"}
  [1m[36mUser Load (1.2ms)[0m  [1m[34mSELECT  "users".* FROM "users" WHERE "users"."id" = $1 LIMIT $2[0m  [["id", 6], ["LIMIT", 1]]
  Rendering users/edit.html.erb within layouts/application
  Rendered users/edit.html.erb within layouts/application (19.9ms)
Completed 200 OK in 147ms (Views: 113.8ms | ActiveRecord: 1.2ms)


Started PATCH "/users/6" for 127.0.0.1 at 2017-10-04 10:40:06 -0700
Processing by UsersController#update as HTML
  Parameters: {"utf8"=>"✓", "authenticity_token"=>"V3Eal4UZFKUIiBwUccaxuIXO559/U0b48AMEzJ0UzeulZQTD4eLRZoP4Zd5mjCZyxGY4hRlyRTw1Pv5vGIC+wQ==", "user"=>{"name"=>"Merty Ann", "linkedin_connections"=>"23", "facebook_friends"=>"17", "twitter_followers"=>"11"}, "commit"=>"Update", "id"=>"6"}
  [1m[36mUser Load (1.4ms)[0m  [1m[34mSELECT  "users".* FROM "users" WHERE "users"."id" = $1 LIMIT $2[0m  [["id", 6], ["LIMIT", 1]]
  [1m[35m (0.4ms)[0m  [1m[35mBEGIN[0m
  [1m[35mSQL (1.3ms)[0m  [1m[33mUPDATE "users" SET "name" = $1, "updated_at" = $2 WHERE "users"."id" = $3[0m  [["name", "Merty Ann"], ["updated_at", "2017-10-04 17:40:06.694609"], ["id", 6]]
  [1m[35m (10.3ms)[0m  [1m[35mCOMMIT[0m
Redirected to http://localhost:3000root
Completed 302 Found in 75ms (ActiveRecord: 13.4ms)


Started GET "/users/6/edit" for 127.0.0.1 at 2017-10-04 10:40:38 -0700
Processing by UsersController#edit as HTML
  Parameters: {"id"=>"6"}
  [1m[36mUser Load (0.3ms)[0m  [1m[34mSELECT  "users".* FROM "users" WHERE "users"."id" = $1 LIMIT $2[0m  [["id", 6], ["LIMIT", 1]]
  Rendering users/edit.html.erb within layouts/application
  Rendered users/edit.html.erb within layouts/application (11.9ms)
Completed 200 OK in 138ms (Views: 100.3ms | ActiveRecord: 0.3ms)


Started PATCH "/users/6" for 127.0.0.1 at 2017-10-04 10:40:47 -0700
Processing by UsersController#update as HTML
  Parameters: {"utf8"=>"✓", "authenticity_token"=>"14ZPbMJ3b615+uZKMS70tASrIR/xFzOL59NeyLd/SdriOy0/VBMJTmMeC09wGJt9Sir7IOKsPiW8DHZ3BPsEeg==", "user"=>{"name"=>"Merty McGraw", "linkedin_connections"=>"23", "facebook_friends"=>"17", "twitter_followers"=>"11"}, "commit"=>"Update", "id"=>"6"}
  [1m[36mUser Load (1.4ms)[0m  [1m[34mSELECT  "users".* FROM "users" WHERE "users"."id" = $1 LIMIT $2[0m  [["id", 6], ["LIMIT", 1]]
  [1m[35m (0.3ms)[0m  [1m[35mBEGIN[0m
  [1m[35mSQL (1.2ms)[0m  [1m[33mUPDATE "users" SET "name" = $1, "updated_at" = $2 WHERE "users"."id" = $3[0m  [["name", "Merty McGraw"], ["updated_at", "2017-10-04 17:40:47.177563"], ["id", 6]]
  [1m[35m (5.5ms)[0m  [1m[35mCOMMIT[0m
Redirected to http://localhost:3000root
Completed 302 Found in 57ms (ActiveRecord: 8.5ms)


Started GET "/users/6/edit" for 127.0.0.1 at 2017-10-04 10:41:12 -0700
Processing by UsersController#edit as HTML
  Parameters: {"id"=>"6"}
  [1m[36mUser Load (0.3ms)[0m  [1m[34mSELECT  "users".* FROM "users" WHERE "users"."id" = $1 LIMIT $2[0m  [["id", 6], ["LIMIT", 1]]
  Rendering users/edit.html.erb within layouts/application
  Rendered users/edit.html.erb within layouts/application (5.0ms)
Completed 200 OK in 72ms (Views: 35.8ms | ActiveRecord: 7.9ms)


Started PATCH "/users/6" for 127.0.0.1 at 2017-10-04 10:41:17 -0700
Processing by UsersController#update as HTML
  Parameters: {"utf8"=>"✓", "authenticity_token"=>"fBHgM33GuN1j6LO3esF6QYpKjcsg9b/5y8stQYBMNTlJrIJg66LePnkMXrI79xWIxMtX9DNOsleQFAX+M8h4mQ==", "user"=>{"name"=>"Merty McGraw", "linkedin_connections"=>"23", "facebook_friends"=>"18", "twitter_followers"=>"11"}, "commit"=>"Update", "id"=>"6"}
  [1m[36mUser Load (0.5ms)[0m  [1m[34mSELECT  "users".* FROM "users" WHERE "users"."id" = $1 LIMIT $2[0m  [["id", 6], ["LIMIT", 1]]
  [1m[35m (0.2ms)[0m  [1m[35mBEGIN[0m
  [1m[35mSQL (0.5ms)[0m  [1m[33mUPDATE "users" SET "facebook_friends" = $1, "updated_at" = $2 WHERE "users"."id" = $3[0m  [["facebook_friends", 18], ["updated_at", "2017-10-04 17:41:17.331241"], ["id", 6]]
  [1m[35m (5.3ms)[0m  [1m[35mCOMMIT[0m
Redirected to http://localhost:3000/
Completed 302 Found in 17ms (ActiveRecord: 6.5ms)


Started GET "/" for 127.0.0.1 at 2017-10-04 10:41:17 -0700
Processing by UsersController#index as HTML
  [1m[36mUser Load (0.3ms)[0m  [1m[34mSELECT  "users".* FROM "users" ORDER BY "users"."id" DESC LIMIT $1[0m  [["LIMIT", 1]]
  [1m[36mCACHE User Load (0.1ms)[0m  [1m[34mSELECT  "users".* FROM "users" ORDER BY "users"."id" DESC LIMIT $1[0m  [["LIMIT", 1]]
  Rendering users/index.html.erb within layouts/application
  [1m[36mUser Load (0.4ms)[0m  [1m[34mSELECT "users".* FROM "users"[0m
  Rendered users/index.html.erb within layouts/application (2.9ms)
Completed 200 OK in 36ms (Views: 25.8ms | ActiveRecord: 0.7ms)


Started GET "/users/6/edit" for 127.0.0.1 at 2017-10-04 10:41:30 -0700
Processing by UsersController#edit as HTML
  Parameters: {"id"=>"6"}
  [1m[36mUser Load (0.8ms)[0m  [1m[34mSELECT  "users".* FROM "users" WHERE "users"."id" = $1 LIMIT $2[0m  [["id", 6], ["LIMIT", 1]]
  Rendering users/edit.html.erb within layouts/application
  Rendered users/edit.html.erb within layouts/application (13.8ms)
Completed 200 OK in 95ms (Views: 85.2ms | ActiveRecord: 0.8ms)


Started PATCH "/users/6" for 127.0.0.1 at 2017-10-04 10:41:39 -0700
Processing by UsersController#update as HTML
  Parameters: {"utf8"=>"✓", "authenticity_token"=>"lM2WqptWfPD00jYowwzH11YJg51P3kO0hXF6NjWm89lm2Yj+/625M3+iT+LURlAdF6Fchyn/QHBATICVsDKA8w==", "user"=>{"name"=>"Merty McGraw", "linkedin_connections"=>"23", "facebook_friends"=>"18", "twitter_followers"=>"50"}, "commit"=>"Update", "id"=>"6"}
  [1m[36mUser Load (0.4ms)[0m  [1m[34mSELECT  "users".* FROM "users" WHERE "users"."id" = $1 LIMIT $2[0m  [["id", 6], ["LIMIT", 1]]
  [1m[35m (0.2ms)[0m  [1m[35mBEGIN[0m
  [1m[35mSQL (2.9ms)[0m  [1m[33mUPDATE "users" SET "twitter_followers" = $1, "updated_at" = $2 WHERE "users"."id" = $3[0m  [["twitter_followers", 50], ["updated_at", "2017-10-04 17:41:39.273650"], ["id", 6]]
  [1m[35m (6.0ms)[0m  [1m[35mCOMMIT[0m
Redirected to http://localhost:3000/
Completed 302 Found in 23ms (ActiveRecord: 9.5ms)


Started GET "/" for 127.0.0.1 at 2017-10-04 10:41:39 -0700
Processing by UsersController#index as HTML
  [1m[36mUser Load (1.3ms)[0m  [1m[34mSELECT  "users".* FROM "users" ORDER BY "users"."id" DESC LIMIT $1[0m  [["LIMIT", 1]]
  [1m[36mCACHE User Load (0.0ms)[0m  [1m[34mSELECT  "users".* FROM "users" ORDER BY "users"."id" DESC LIMIT $1[0m  [["LIMIT", 1]]
  Rendering users/index.html.erb within layouts/application
  [1m[36mUser Load (0.4ms)[0m  [1m[34mSELECT "users".* FROM "users"[0m
  Rendered users/index.html.erb within layouts/application (4.3ms)
Completed 200 OK in 46ms (Views: 36.4ms | ActiveRecord: 1.7ms)


Started GET "/users/6/edit" for 127.0.0.1 at 2017-10-04 10:41:43 -0700
Processing by UsersController#edit as HTML
  Parameters: {"id"=>"6"}
  [1m[36mUser Load (0.3ms)[0m  [1m[34mSELECT  "users".* FROM "users" WHERE "users"."id" = $1 LIMIT $2[0m  [["id", 6], ["LIMIT", 1]]
  Rendering users/edit.html.erb within layouts/application
  Rendered users/edit.html.erb within layouts/application (13.2ms)
Completed 200 OK in 130ms (Views: 122.0ms | ActiveRecord: 0.3ms)


Started PATCH "/users/6" for 127.0.0.1 at 2017-10-04 10:41:46 -0700
Processing by UsersController#update as HTML
  Parameters: {"utf8"=>"✓", "authenticity_token"=>"ymVuH1CW7JsfoSYFFKBZF92LEBTzPD9otC2rzxbFZrQ4cXBLNG0pWJTRX88D6s7dnCPPDpUdPKxxEFFsk1EVng==", "user"=>{"name"=>"Merty McGraw", "linkedin_connections"=>"23", "facebook_friends"=>"18", "twitter_followers"=>"100"}, "commit"=>"Update", "id"=>"6"}
  [1m[36mUser Load (0.5ms)[0m  [1m[34mSELECT  "users".* FROM "users" WHERE "users"."id" = $1 LIMIT $2[0m  [["id", 6], ["LIMIT", 1]]
  [1m[35m (0.4ms)[0m  [1m[35mBEGIN[0m
  [1m[35mSQL (0.7ms)[0m  [1m[33mUPDATE "users" SET "twitter_followers" = $1, "updated_at" = $2 WHERE "users"."id" = $3[0m  [["twitter_followers", 100], ["updated_at", "2017-10-04 17:41:46.903373"], ["id", 6]]
  [1m[35m (6.5ms)[0m  [1m[35mCOMMIT[0m
Redirected to http://localhost:3000/
Completed 302 Found in 18ms (ActiveRecord: 8.1ms)


Started GET "/" for 127.0.0.1 at 2017-10-04 10:41:46 -0700
Processing by UsersController#index as HTML
  [1m[36mUser Load (2.1ms)[0m  [1m[34mSELECT  "users".* FROM "users" ORDER BY "users"."id" DESC LIMIT $1[0m  [["LIMIT", 1]]
  [1m[36mCACHE User Load (0.0ms)[0m  [1m[34mSELECT  "users".* FROM "users" ORDER BY "users"."id" DESC LIMIT $1[0m  [["LIMIT", 1]]
  Rendering users/index.html.erb within layouts/application
  [1m[36mUser Load (0.6ms)[0m  [1m[34mSELECT "users".* FROM "users"[0m
  Rendered users/index.html.erb within layouts/application (8.6ms)
Completed 200 OK in 55ms (Views: 46.4ms | ActiveRecord: 2.7ms)


